npm verb cli C:\Program Files\nodejs\node.exe C:\Users\gabri\AppData\Roaming\npm\node_modules\npm\bin\npm-cli.js
npm info using npm@9.6.2
npm info using node@v19.8.1
npm verb title npm install
npm verb argv "install" "--legacy-peer-deps" "--loglevel" "verbose"
npm verb logfile logs-max:10 dir:C:\Users\gabri\AppData\Local\npm-cache\_logs\2023-08-14T19_27_03_947Z-
npm verb logfile C:\Users\gabri\AppData\Local\npm-cache\_logs\2023-08-14T19_27_03_947Z-debug-0.log
npm http fetch GET 200 https://registry.npmjs.org/browserstack-cypress-cli 697ms (cache revalidated)
npm http fetch GET 200 https://registry.npmjs.org/cypress 161ms (cache revalidated)
npm http fetch GET 200 https://registry.npmjs.org/cypress-real-events 527ms (cache revalidated)
npm http fetch GET 200 https://registry.npmjs.org/cypress-recurse 608ms (cache revalidated)
npm http fetch GET 200 https://registry.npmjs.org/async 283ms (cache revalidated)
npm http fetch GET 200 https://registry.npmjs.org/mkdirp 353ms (cache revalidated)
npm http fetch GET 200 https://registry.npmjs.org/request 364ms (cache revalidated)
npm http fetch GET 200 https://registry.npmjs.org/uuid 368ms (cache revalidated)
npm http fetch GET 200 https://registry.npmjs.org/fs-extra 382ms (cache revalidated)
npm http fetch GET 200 https://registry.npmjs.org/chalk 402ms (cache revalidated)
npm http fetch GET 200 https://registry.npmjs.org/archiver 410ms (cache revalidated)
npm http fetch GET 200 https://registry.npmjs.org/glob 405ms (cache revalidated)
npm http fetch GET 200 https://registry.npmjs.org/winston 408ms (cache revalidated)
npm http fetch GET 200 https://registry.npmjs.org/table 418ms (cache revalidated)
npm http fetch GET 200 https://registry.npmjs.org/update-notifier 420ms (cache revalidated)
npm http fetch GET 200 https://registry.npmjs.org/mocha 425ms (cache revalidated)
npm http fetch GET 200 https://registry.npmjs.org/yargs 441ms (cache revalidated)
npm http fetch GET 200 https://registry.npmjs.org/windows-release 451ms (cache revalidated)
npm http fetch GET 200 https://registry.npmjs.org/decompress 463ms (cache revalidated)
npm http fetch GET 200 https://registry.npmjs.org/@cypress%2frequest 471ms (cache revalidated)
npm http fetch GET 200 https://registry.npmjs.org/@types%2fnode 487ms (cache revalidated)
npm http fetch GET 200 https://registry.npmjs.org/buffer 519ms (cache revalidated)
npm http fetch GET 200 https://registry.npmjs.org/@types%2fsizzle 538ms (cache revalidated)
npm http fetch GET 200 https://registry.npmjs.org/chalk 554ms (cache revalidated)
npm http fetch GET 200 https://registry.npmjs.org/cli-table3 600ms (cache revalidated)
npm http fetch GET 200 https://registry.npmjs.org/cli-cursor 673ms (cache revalidated)
npm http fetch GET 200 https://registry.npmjs.org/dayjs 732ms (cache revalidated)
npm http fetch GET 200 https://registry.npmjs.org/requestretry 775ms (cache revalidated)
npm http fetch GET 200 https://registry.npmjs.org/getmac 799ms (cache revalidated)
npm http fetch GET 200 https://registry.npmjs.org/git-repo-info 804ms (cache revalidated)
npm http fetch GET 200 https://registry.npmjs.org/cli-progress 807ms (cache revalidated)
npm http fetch GET 200 https://registry.npmjs.org/browserstack-local 808ms (cache revalidated)
npm http fetch GET 200 https://registry.npmjs.org/node-ipc 804ms (cache revalidated)
npm http fetch GET 200 https://registry.npmjs.org/bluebird 805ms (cache revalidated)
npm http fetch GET 200 https://registry.npmjs.org/commander 807ms (cache revalidated)
npm http fetch GET 200 https://registry.npmjs.org/git-last-commit 836ms (cache revalidated)
npm http fetch GET 200 https://registry.npmjs.org/execa 825ms (cache revalidated)
npm http fetch GET 200 https://registry.npmjs.org/gitconfiglocal 852ms (cache revalidated)
npm http fetch GET 200 https://registry.npmjs.org/eventemitter2 831ms (cache revalidated)
npm http fetch GET 200 https://registry.npmjs.org/figures 834ms (cache revalidated)
npm http fetch GET 200 https://registry.npmjs.org/enquirer 849ms (cache revalidated)
npm http fetch GET 200 https://registry.npmjs.org/extract-zip 847ms (cache revalidated)
npm http fetch GET 200 https://registry.npmjs.org/debug 853ms (cache revalidated)
npm http fetch GET 200 https://registry.npmjs.org/fs-extra 854ms (cache revalidated)
npm http fetch GET 200 https://registry.npmjs.org/is-ci 870ms (cache revalidated)
npm http fetch GET 200 https://registry.npmjs.org/lodash 875ms (cache revalidated)
npm http fetch GET 200 https://registry.npmjs.org/is-installed-globally 892ms (cache revalidated)
npm http fetch GET 200 https://registry.npmjs.org/lazy-ass 897ms (cache revalidated)
npm http fetch GET 200 https://registry.npmjs.org/log-symbols 897ms (cache revalidated)
npm http fetch GET 200 https://registry.npmjs.org/blob-util 935ms (cache revalidated)
npm http fetch GET 200 https://registry.npmjs.org/cachedir 933ms (cache revalidated)
npm http fetch GET 200 https://registry.npmjs.org/common-tags 952ms (cache revalidated)
npm http fetch GET 200 https://registry.npmjs.org/pretty-bytes 942ms (cache revalidated)
npm http fetch GET 200 https://registry.npmjs.org/semver 962ms (cache revalidated)
npm http fetch GET 200 https://registry.npmjs.org/minimist 967ms (cache revalidated)
npm http fetch GET 200 https://registry.npmjs.org/proxy-from-env 967ms (cache revalidated)
npm http fetch GET 200 https://registry.npmjs.org/tmp 976ms (cache revalidated)
npm http fetch GET 200 https://registry.npmjs.org/check-more-types 998ms (cache revalidated)
npm http fetch GET 200 https://registry.npmjs.org/listr2 984ms (cache revalidated)
npm http fetch GET 200 https://registry.npmjs.org/untildify 990ms (cache revalidated)
npm http fetch GET 200 https://registry.npmjs.org/supports-color 1000ms (cache revalidated)
npm http fetch GET 200 https://registry.npmjs.org/yauzl 1005ms (cache revalidated)
npm http fetch GET 200 https://registry.npmjs.org/arch 1038ms (cache revalidated)
npm http fetch GET 200 https://registry.npmjs.org/prettier 1012ms (cache revalidated)
npm http fetch GET 200 https://registry.npmjs.org/request-progress 1048ms (cache revalidated)
npm http fetch GET 200 https://registry.npmjs.org/executable 1400ms (cache revalidated)
npm http fetch GET 200 https://registry.npmjs.org/ospath 1389ms (cache revalidated)
npm http fetch GET 200 https://registry.npmjs.org/getos 1396ms (cache revalidated)
npm http fetch GET 200 https://registry.npmjs.org/@types%2fsinonjs__fake-timers 1418ms (cache revalidated)
npm http fetch GET 200 https://registry.npmjs.org/humanize-duration 1404ms (cache revalidated)
npm http fetch GET 200 https://registry.npmjs.org/@cypress%2fxvfb 1718ms (cache revalidated)
npm http fetch GET 200 https://registry.npmjs.org/zip-stream 439ms (cache revalidated)
npm http fetch GET 200 https://registry.npmjs.org/agent-base 435ms (cache revalidated)
npm http fetch GET 200 https://registry.npmjs.org/https-proxy-agent 440ms (cache revalidated)
npm http fetch GET 200 https://registry.npmjs.org/tar-stream 443ms (cache revalidated)
npm http fetch GET 200 https://registry.npmjs.org/readable-stream 450ms (cache revalidated)
npm http fetch GET 200 https://registry.npmjs.org/buffer-crc32 454ms (cache revalidated)
npm http fetch GET 200 https://registry.npmjs.org/decompress-unzip 438ms (cache revalidated)
npm http fetch GET 200 https://registry.npmjs.org/ansi-styles 443ms (cache revalidated)
npm http fetch GET 200 https://registry.npmjs.org/decompress-tar 442ms (cache revalidated)
npm http fetch GET 200 https://registry.npmjs.org/readdir-glob 462ms (cache revalidated)
npm http fetch GET 200 https://registry.npmjs.org/archiver-utils 499ms (cache revalidated)
npm http fetch GET 200 https://registry.npmjs.org/make-dir 482ms (cache revalidated)
npm http fetch GET 200 https://registry.npmjs.org/decompress-tarbz2 485ms (cache revalidated)
npm http fetch GET 200 https://registry.npmjs.org/pify 483ms (cache revalidated)
npm http fetch GET 200 https://registry.npmjs.org/strip-dirs 488ms (cache revalidated)
npm http fetch GET 200 https://registry.npmjs.org/graceful-fs 489ms (cache revalidated)
npm http fetch GET 200 https://registry.npmjs.org/graceful-fs 503ms (cache revalidated)
npm http fetch GET 200 https://registry.npmjs.org/universalify 494ms (cache revalidated)
npm http fetch GET 200 https://registry.npmjs.org/string-width 508ms (cache revalidated)
npm http fetch GET 200 https://registry.npmjs.org/jsonfile 505ms (cache revalidated)
npm http fetch GET 200 https://registry.npmjs.org/fs.realpath 506ms (cache revalidated)
npm http fetch GET 200 https://registry.npmjs.org/ini 511ms (cache revalidated)
npm http fetch GET 200 https://registry.npmjs.org/chokidar 508ms (cache revalidated)
npm http fetch GET 200 https://registry.npmjs.org/once 513ms (cache revalidated)
npm http fetch GET 200 https://registry.npmjs.org/inherits 518ms (cache revalidated)
npm http fetch GET 200 https://registry.npmjs.org/path-is-absolute 518ms (cache revalidated)
npm http fetch GET 200 https://registry.npmjs.org/ansi-colors 527ms (cache revalidated)
npm http fetch GET 200 https://registry.npmjs.org/minimatch 531ms (cache revalidated)
npm http fetch GET 200 https://registry.npmjs.org/inflight 539ms (cache revalidated)
npm http fetch GET 200 https://registry.npmjs.org/find-up 547ms (cache revalidated)
npm http fetch GET 200 https://registry.npmjs.org/he 546ms (cache revalidated)
npm http fetch GET 200 https://registry.npmjs.org/ms 544ms (cache revalidated)
npm http fetch GET 200 https://registry.npmjs.org/escape-string-regexp 550ms (cache revalidated)
npm http fetch GET 200 https://registry.npmjs.org/browser-stdout 556ms (cache revalidated)
npm http fetch GET 200 https://registry.npmjs.org/diff 556ms (cache revalidated)
npm http fetch GET 200 https://registry.npmjs.org/serialize-javascript 562ms (cache revalidated)
npm http fetch GET 200 https://registry.npmjs.org/yargs-parser 561ms (cache revalidated)
npm http fetch GET 200 https://registry.npmjs.org/workerpool 569ms (cache revalidated)
npm http fetch GET 200 https://registry.npmjs.org/minimatch 578ms (cache revalidated)
npm http fetch GET 200 https://registry.npmjs.org/js-yaml 594ms (cache revalidated)
npm http fetch GET 200 https://registry.npmjs.org/strip-json-comments 597ms (cache revalidated)
npm http fetch GET 200 https://registry.npmjs.org/nanoid 600ms (cache revalidated)
npm http fetch GET 200 https://registry.npmjs.org/event-pubsub 604ms (cache revalidated)
npm http fetch GET 200 https://registry.npmjs.org/js-message 605ms (cache revalidated)
npm http fetch GET 200 https://registry.npmjs.org/aws-sign2 617ms (cache revalidated)
npm http fetch GET 200 https://registry.npmjs.org/aws4 622ms (cache revalidated)
npm http fetch GET 200 https://registry.npmjs.org/combined-stream 623ms (cache revalidated)
npm http fetch GET 200 https://registry.npmjs.org/caseless 636ms (cache revalidated)
npm http fetch GET 200 https://registry.npmjs.org/is-typedarray 633ms (cache revalidated)
npm http fetch GET 200 https://registry.npmjs.org/forever-agent 636ms (cache revalidated)
npm http fetch GET 200 https://registry.npmjs.org/http-signature 640ms (cache revalidated)
npm http fetch GET 200 https://registry.npmjs.org/form-data 663ms (cache revalidated)
npm http fetch GET 200 https://registry.npmjs.org/qs 679ms (cache revalidated)
npm http fetch GET 200 https://registry.npmjs.org/isstream 686ms (cache revalidated)
npm http fetch GET 200 https://registry.npmjs.org/oauth-sign 684ms (cache revalidated)
npm http fetch GET 200 https://registry.npmjs.org/safe-buffer 684ms (cache revalidated)
npm http fetch GET 200 https://registry.npmjs.org/performance-now 686ms (cache revalidated)
npm http fetch GET 200 https://registry.npmjs.org/yargs-unparser 705ms (cache revalidated)
npm http fetch GET 200 https://registry.npmjs.org/har-validator 702ms (cache revalidated)
npm http fetch GET 200 https://registry.npmjs.org/string-width 719ms (cache revalidated)
npm http fetch GET 200 https://registry.npmjs.org/mime-types 729ms (cache revalidated)
npm http fetch GET 200 https://registry.npmjs.org/tough-cookie 730ms (cache revalidated)
npm http fetch GET 200 https://registry.npmjs.org/extend 735ms (cache revalidated)
npm http fetch GET 200 https://registry.npmjs.org/boxen 733ms (cache revalidated)
npm http fetch GET 200 https://registry.npmjs.org/extend 752ms (cache revalidated)
npm http fetch GET 200 https://registry.npmjs.org/ajv 737ms (cache revalidated)
npm http fetch GET 200 https://registry.npmjs.org/json-stringify-safe 756ms (cache revalidated)
npm http fetch GET 200 https://registry.npmjs.org/tunnel-agent 753ms (cache revalidated)
npm http fetch GET 200 https://registry.npmjs.org/temp-fs 806ms (cache revalidated)
npm http fetch GET 200 https://registry.npmjs.org/slice-ansi 777ms (cache revalidated)
npm http fetch GET 200 https://registry.npmjs.org/is-running 834ms (cache revalidated)
npm http fetch GET 200 https://registry.npmjs.org/ps-tree 837ms (cache revalidated)
npm http fetch GET 200 https://registry.npmjs.org/is-npm 779ms (cache revalidated)
npm http fetch GET 200 https://registry.npmjs.org/semver-diff 787ms (cache revalidated)
npm http fetch GET 200 https://registry.npmjs.org/xdg-basedir 808ms (cache revalidated)
npm http fetch GET 200 https://registry.npmjs.org/pupa 812ms (cache revalidated)
npm http fetch GET 200 https://registry.npmjs.org/isstream 814ms (cache revalidated)
npm http fetch GET 200 https://registry.npmjs.org/get-caller-file 805ms (cache revalidated)
npm http fetch GET 200 https://registry.npmjs.org/stack-trace 831ms (cache revalidated)
npm http fetch GET 200 https://registry.npmjs.org/import-lazy 847ms (cache revalidated)
npm http fetch GET 200 https://registry.npmjs.org/configstore 848ms (cache revalidated)
npm http fetch GET 200 https://registry.npmjs.org/cliui 838ms (cache revalidated)
npm http fetch GET 200 https://registry.npmjs.org/require-directory 839ms (cache revalidated)
npm http fetch GET 200 https://registry.npmjs.org/colors 854ms (cache revalidated)
npm http fetch GET 200 https://registry.npmjs.org/decompress-targz 914ms (cache revalidated)
npm http fetch GET 200 https://registry.npmjs.org/is-yarn-global 872ms (cache revalidated)
npm http fetch GET 200 https://registry.npmjs.org/cycle 867ms (cache revalidated)
npm http fetch GET 200 https://registry.npmjs.org/require-main-filename 853ms (cache revalidated)
npm http fetch GET 200 https://registry.npmjs.org/latest-version 875ms (cache revalidated)
npm http fetch GET 200 https://registry.npmjs.org/decamelize 866ms (cache revalidated)
npm http fetch GET 200 https://registry.npmjs.org/find-up 878ms (cache revalidated)
npm http fetch GET 200 https://registry.npmjs.org/which-module 879ms (cache revalidated)
npm http fetch GET 200 https://registry.npmjs.org/yargs-parser 879ms (cache revalidated)
npm http fetch GET 200 https://registry.npmjs.org/y18n 885ms (cache revalidated)
npm http fetch GET 200 https://registry.npmjs.org/set-blocking 889ms (cache revalidated)
npm http fetch GET 200 https://registry.npmjs.org/eyes 962ms (cache revalidated)
npm http fetch GET 200 https://registry.npmjs.org/js-queue 1010ms (cache revalidated)
npm http fetch GET 200 https://registry.npmjs.org/has-yarn 1162ms (cache revalidated)
npm http fetch GET 200 https://registry.npmjs.org/lazystream 103ms (cache revalidated)
npm http fetch GET 200 https://registry.npmjs.org/lodash.defaults 103ms (cache revalidated)
npm http fetch GET 200 https://registry.npmjs.org/string_decoder 102ms (cache revalidated)
npm http fetch GET 200 https://registry.npmjs.org/lodash.flatten 112ms (cache revalidated)
npm http fetch GET 200 https://registry.npmjs.org/lodash.isplainobject 118ms (cache revalidated)
npm http fetch GET 200 https://registry.npmjs.org/fs-constants 113ms (cache revalidated)
npm http fetch GET 200 https://registry.npmjs.org/end-of-stream 114ms (cache revalidated)
npm http fetch GET 200 https://registry.npmjs.org/normalize-path 121ms (cache revalidated)
npm http fetch GET 200 https://registry.npmjs.org/util-deprecate 126ms (cache revalidated)
npm http fetch GET 200 https://registry.npmjs.org/lodash.union 143ms (cache revalidated)
npm http fetch GET 200 https://registry.npmjs.org/bl 151ms (cache revalidated)
npm http fetch GET 200 https://registry.npmjs.org/compress-commons 256ms (cache revalidated)
npm http fetch GET 200 https://registry.npmjs.org/lodash.difference 553ms (cache revalidated)
npm http fetch GET 200 https://registry.npmjs.org/process-nextick-args 70ms (cache revalidated)
npm http fetch GET 200 https://registry.npmjs.org/core-util-is 78ms (cache revalidated)
npm http fetch GET 200 https://registry.npmjs.org/isarray 88ms (cache revalidated)
npm http fetch GET 200 https://registry.npmjs.org/rimraf 65ms (cache revalidated)
npm http fetch GET 200 https://registry.npmjs.org/event-stream 515ms (cache revalidated)
npm http fetch GET 200 https://registry.npmjs.org/has-flag 66ms (cache revalidated)
npm http fetch GET 200 https://registry.npmjs.org/color-convert 68ms (cache revalidated)
npm http fetch GET 200 https://registry.npmjs.org/color-name 94ms (cache revalidated)
npm http fetch GET 200 https://registry.npmjs.org/emoji-regex 74ms (cache revalidated)
npm http fetch GET 200 https://registry.npmjs.org/strip-ansi 72ms (cache revalidated)
npm http fetch GET 200 https://registry.npmjs.org/is-fullwidth-code-point 86ms (cache revalidated)
npm http fetch GET 200 https://registry.npmjs.org/base64-js 166ms (cache revalidated)
npm http fetch GET 200 https://registry.npmjs.org/ieee754 175ms (cache revalidated)
npm http fetch GET 200 https://registry.npmjs.org/merge-stream 177ms (cache revalidated)
npm http fetch GET 200 https://registry.npmjs.org/cross-spawn 182ms (cache revalidated)
npm http fetch GET 200 https://registry.npmjs.org/is-stream 188ms (cache revalidated)
npm http fetch GET 200 https://registry.npmjs.org/human-signals 191ms (cache revalidated)
npm http fetch GET 200 https://registry.npmjs.org/lodash.once 199ms (cache revalidated)
npm http fetch GET 200 https://registry.npmjs.org/npm-run-path 191ms (cache revalidated)
npm http fetch GET 200 https://registry.npmjs.org/get-stream 194ms (cache revalidated)
npm http fetch GET 200 https://registry.npmjs.org/signal-exit 194ms (cache revalidated)
npm http fetch GET 200 https://registry.npmjs.org/get-stream 193ms (cache revalidated)
npm http fetch GET 200 https://registry.npmjs.org/restore-cursor 204ms (cache revalidated)
npm http fetch GET 200 https://registry.npmjs.org/onetime 198ms (cache revalidated)
npm http fetch GET 200 https://registry.npmjs.org/strip-final-newline 203ms (cache revalidated)
npm http fetch GET 200 https://registry.npmjs.org/at-least-node 221ms (cache revalidated)
npm http fetch GET 200 https://registry.npmjs.org/ci-info 220ms (cache revalidated)
npm http fetch GET 200 https://registry.npmjs.org/@types%2fyauzl 225ms (cache revalidated)
npm http fetch GET 200 https://registry.npmjs.org/is-path-inside 225ms (cache revalidated)
npm http fetch GET 200 https://registry.npmjs.org/rxjs 226ms (cache revalidated)
npm http fetch GET 200 https://registry.npmjs.org/rfdc 243ms (cache revalidated)
npm http fetch GET 200 https://registry.npmjs.org/throttleit 247ms (cache revalidated)
npm http fetch GET 200 https://registry.npmjs.org/through 250ms (cache revalidated)
npm http fetch GET 200 https://registry.npmjs.org/wrap-ansi 252ms (cache revalidated)
npm http fetch GET 200 https://registry.npmjs.org/lru-cache 255ms (cache revalidated)
npm http fetch GET 200 https://registry.npmjs.org/fd-slicer 259ms (cache revalidated)
npm http fetch GET 200 https://registry.npmjs.org/colorette 271ms (cache revalidated)
npm http fetch GET 200 https://registry.npmjs.org/global-dirs 278ms (cache revalidated)
npm http fetch GET 200 https://registry.npmjs.org/p-map 282ms (cache revalidated)
npm http fetch GET 200 https://registry.npmjs.org/log-update 300ms (cache revalidated)
npm http fetch GET 200 https://registry.npmjs.org/is-unicode-supported 314ms (cache revalidated)
npm http fetch GET 200 https://registry.npmjs.org/@colors%2fcolors 389ms (cache revalidated)
npm http fetch GET 200 https://registry.npmjs.org/cli-truncate 651ms (cache revalidated)
npm http fetch GET 200 https://registry.npmjs.org/mime-db 79ms (cache revalidated)
npm http fetch GET 200 https://registry.npmjs.org/delayed-stream 99ms (cache revalidated)
npm http fetch GET 200 https://registry.npmjs.org/assert-plus 99ms (cache revalidated)
npm http fetch GET 200 https://registry.npmjs.org/jsprim 98ms (cache revalidated)
npm http fetch GET 200 https://registry.npmjs.org/asynckit 101ms (cache revalidated)
npm http fetch GET 200 https://registry.npmjs.org/punycode 95ms (cache revalidated)
npm http fetch GET 200 https://registry.npmjs.org/side-channel 97ms (cache revalidated)
npm http fetch GET 200 https://registry.npmjs.org/psl 106ms (cache revalidated)
npm http fetch GET 200 https://registry.npmjs.org/url-parse 116ms (cache revalidated)
npm http fetch GET 200 https://registry.npmjs.org/sshpk 183ms (cache revalidated)
npm http fetch GET 200 https://registry.npmjs.org/is-natural-number 88ms (cache revalidated)
npm http fetch GET 200 https://registry.npmjs.org/unbzip2-stream 93ms (cache revalidated)
npm http fetch GET 200 https://registry.npmjs.org/file-type 100ms (cache revalidated)
npm http fetch GET 200 https://registry.npmjs.org/file-type 107ms (cache revalidated)
npm http fetch GET 200 https://registry.npmjs.org/file-type 105ms (cache revalidated)
npm http fetch GET 200 https://registry.npmjs.org/seek-bzip 567ms (cache revalidated)
npm http fetch GET 200 https://registry.npmjs.org/buffer-alloc 75ms (cache revalidated)
npm http fetch GET 200 https://registry.npmjs.org/xtend 77ms (cache revalidated)
npm http fetch GET 200 https://registry.npmjs.org/to-buffer 95ms (cache revalidated)
npm http fetch GET 200 https://registry.npmjs.org/object-assign 74ms (cache revalidated)
npm http fetch GET 200 https://registry.npmjs.org/pinkie-promise 84ms (cache revalidated)
npm http fetch GET 200 https://registry.npmjs.org/ansi-regex 62ms (cache revalidated)
npm http fetch GET 200 https://registry.npmjs.org/pump 61ms (cache revalidated)
npm http fetch GET 200 https://registry.npmjs.org/which 82ms (cache revalidated)
npm http fetch GET 200 https://registry.npmjs.org/shebang-command 83ms (cache revalidated)
npm http fetch GET 200 https://registry.npmjs.org/path-key 85ms (cache revalidated)
npm http fetch GET 200 https://registry.npmjs.org/path-key 93ms (cache revalidated)
npm http fetch GET 200 https://registry.npmjs.org/mimic-fn 92ms (cache revalidated)
npm http fetch GET 200 https://registry.npmjs.org/isexe 74ms (cache revalidated)
npm http fetch GET 200 https://registry.npmjs.org/shebang-regex 80ms (cache revalidated)
npm http fetch GET 200 https://registry.npmjs.org/pinkie 83ms (cache revalidated)
npm http fetch GET 200 https://registry.npmjs.org/wrappy 78ms (cache revalidated)
npm http fetch GET 200 https://registry.npmjs.org/brace-expansion 83ms (cache revalidated)
npm http fetch GET 200 https://registry.npmjs.org/ecc-jsbn 99ms (cache revalidated)
npm http fetch GET 200 https://registry.npmjs.org/tweetnacl 102ms (cache revalidated)
npm http fetch GET 200 https://registry.npmjs.org/safer-buffer 119ms (cache revalidated)
npm http fetch GET 200 https://registry.npmjs.org/verror 129ms (cache revalidated)
npm http fetch GET 200 https://registry.npmjs.org/asn1 128ms (cache revalidated)
npm http fetch GET 200 https://registry.npmjs.org/dashdash 125ms (cache revalidated)
npm http fetch GET 200 https://registry.npmjs.org/jsbn 124ms (cache revalidated)
npm http fetch GET 200 https://registry.npmjs.org/json-schema 142ms (cache revalidated)
npm http fetch GET 200 https://registry.npmjs.org/extsprintf 186ms (cache revalidated)
npm http fetch GET 200 https://registry.npmjs.org/bcrypt-pbkdf 186ms (cache revalidated)
npm http fetch GET 200 https://registry.npmjs.org/getpass 197ms (cache revalidated)
npm http fetch GET 200 https://registry.npmjs.org/tslib 65ms (cache revalidated)
npm http fetch GET 200 https://registry.npmjs.org/aggregate-error 69ms (cache revalidated)
npm http fetch GET 200 https://registry.npmjs.org/ansi-escapes 82ms (cache revalidated)
npm http fetch GET 200 https://registry.npmjs.org/astral-regex 69ms (cache revalidated)
npm http fetch GET 200 https://registry.npmjs.org/type-fest 62ms (cache revalidated)
npm http fetch GET 200 https://registry.npmjs.org/balanced-match 74ms (cache revalidated)
npm http fetch GET 200 https://registry.npmjs.org/concat-map 80ms (cache revalidated)
npm http fetch GET 200 https://registry.npmjs.org/camelcase 93ms (cache revalidated)
npm http fetch GET 200 https://registry.npmjs.org/is-glob 100ms (cache revalidated)
npm http fetch GET 200 https://registry.npmjs.org/is-binary-path 102ms (cache revalidated)
npm http fetch GET 200 https://registry.npmjs.org/escalade 97ms (cache revalidated)
npm http fetch GET 200 https://registry.npmjs.org/argparse 108ms (cache revalidated)
npm http fetch GET 200 https://registry.npmjs.org/flat 107ms (cache revalidated)
npm http fetch GET 200 https://registry.npmjs.org/braces 117ms (cache revalidated)
npm http fetch GET 200 https://registry.npmjs.org/is-plain-obj 109ms (cache revalidated)
npm http fetch GET 200 https://registry.npmjs.org/anymatch 119ms (cache revalidated)
npm http fetch GET 200 https://registry.npmjs.org/readdirp 118ms (cache revalidated)
npm http fetch GET 200 https://registry.npmjs.org/glob-parent 120ms (cache revalidated)
npm http fetch GET 200 https://registry.npmjs.org/path-exists 125ms (cache revalidated)
npm http fetch GET 200 https://registry.npmjs.org/locate-path 126ms (cache revalidated)
npm http fetch GET 200 https://registry.npmjs.org/randombytes 127ms (cache revalidated)
npm http fetch GET 200 https://registry.npmjs.org/fsevents 132ms (cache revalidated)
npm http fetch GET 200 https://registry.npmjs.org/picomatch 70ms (cache revalidated)
npm http fetch GET 200 https://registry.npmjs.org/fill-range 75ms (cache revalidated)
npm http fetch GET 200 https://registry.npmjs.org/is-extglob 77ms (cache revalidated)
npm http fetch GET 200 https://registry.npmjs.org/binary-extensions 85ms (cache revalidated)
npm http fetch GET 200 https://registry.npmjs.org/picomatch 96ms (cache revalidated)
npm http fetch GET 200 https://registry.npmjs.org/to-regex-range 80ms (cache revalidated)
npm http fetch GET 200 https://registry.npmjs.org/is-number 154ms (cache revalidated)
npm http fetch GET 200 https://registry.npmjs.org/p-locate 107ms (cache revalidated)
npm http fetch GET 200 https://registry.npmjs.org/p-limit 96ms (cache revalidated)
npm http fetch GET 200 https://registry.npmjs.org/easy-stack 70ms (cache revalidated)
npm http fetch GET 200 https://registry.npmjs.org/yocto-queue 77ms (cache revalidated)
npm http fetch GET 200 https://registry.npmjs.org/indent-string 60ms (cache revalidated)
npm http fetch GET 200 https://registry.npmjs.org/clean-stack 76ms (cache revalidated)
npm http fetch GET 200 https://registry.npmjs.org/split 87ms (cache revalidated)
npm http fetch GET 200 https://registry.npmjs.org/duplexer 98ms (cache revalidated)
npm http fetch GET 200 https://registry.npmjs.org/from 567ms (cache revalidated)
npm http fetch GET 200 https://registry.npmjs.org/map-stream 565ms (cache revalidated)
npm http fetch GET 200 https://registry.npmjs.org/pause-stream 565ms (cache revalidated)
npm http fetch GET 200 https://registry.npmjs.org/stream-combiner 562ms (cache revalidated)
npm http fetch GET 200 https://registry.npmjs.org/get-intrinsic 78ms (cache revalidated)
npm http fetch GET 200 https://registry.npmjs.org/object-inspect 86ms (cache revalidated)
npm http fetch GET 200 https://registry.npmjs.org/call-bind 107ms (cache revalidated)
npm http fetch GET 200 https://registry.npmjs.org/har-schema 245ms (cache revalidated)
npm http fetch GET 200 https://registry.npmjs.org/fast-json-stable-stringify 72ms (cache revalidated)
npm http fetch GET 200 https://registry.npmjs.org/fast-deep-equal 74ms (cache revalidated)
npm http fetch GET 200 https://registry.npmjs.org/uri-js 76ms (cache revalidated)
npm http fetch GET 200 https://registry.npmjs.org/json-schema-traverse 223ms (cache revalidated)
npm http fetch GET 200 https://registry.npmjs.org/yallist 71ms (cache revalidated)
npm http fetch GET 200 https://registry.npmjs.org/has-symbols 80ms (cache revalidated)
npm http fetch GET 200 https://registry.npmjs.org/has-proto 91ms (cache revalidated)
npm http fetch GET 200 https://registry.npmjs.org/function-bind 101ms (cache revalidated)
npm http fetch GET 200 https://registry.npmjs.org/has 113ms (cache revalidated)
npm http fetch GET 200 https://registry.npmjs.org/querystringify 65ms (cache revalidated)
npm http fetch GET 200 https://registry.npmjs.org/requires-port 72ms (cache revalidated)
npm http fetch GET 200 https://registry.npmjs.org/dot-prop 85ms (cache revalidated)
npm http fetch GET 200 https://registry.npmjs.org/cli-boxes 90ms (cache revalidated)
npm http fetch GET 200 https://registry.npmjs.org/unique-string 89ms (cache revalidated)
npm http fetch GET 200 https://registry.npmjs.org/ansi-align 96ms (cache revalidated)
npm http fetch GET 200 https://registry.npmjs.org/escape-goat 98ms (cache revalidated)
npm http fetch GET 200 https://registry.npmjs.org/write-file-atomic 105ms (cache revalidated)
npm http fetch GET 200 https://registry.npmjs.org/package-json 106ms (cache revalidated)
npm http fetch GET 200 https://registry.npmjs.org/widest-line 174ms (cache revalidated)
npm http fetch GET 200 https://registry.npmjs.org/is-obj 85ms (cache revalidated)
npm http fetch GET 200 https://registry.npmjs.org/typedarray-to-buffer 91ms (cache revalidated)
npm http fetch GET 200 https://registry.npmjs.org/imurmurhash 100ms (cache revalidated)
npm http fetch GET 200 https://registry.npmjs.org/crypto-random-string 102ms (cache revalidated)
npm http fetch GET 200 https://registry.npmjs.org/got 90ms (cache revalidated)
npm http fetch GET 200 https://registry.npmjs.org/registry-url 100ms (cache revalidated)
npm http fetch GET 200 https://registry.npmjs.org/registry-auth-token 167ms (cache revalidated)
npm http fetch GET 200 https://registry.npmjs.org/rc 91ms (cache revalidated)
npm http fetch GET 200 https://registry.npmjs.org/lowercase-keys 97ms (cache revalidated)
npm http fetch GET 200 https://registry.npmjs.org/decompress-response 102ms (cache revalidated)
npm http fetch GET 200 https://registry.npmjs.org/duplexer3 107ms (cache revalidated)
npm http fetch GET 200 https://registry.npmjs.org/url-parse-lax 103ms (cache revalidated)
npm http fetch GET 200 https://registry.npmjs.org/mimic-response 110ms (cache revalidated)
npm http fetch GET 200 https://registry.npmjs.org/rc 108ms (cache revalidated)
npm http fetch GET 200 https://registry.npmjs.org/to-readable-stream 122ms (cache revalidated)
npm http fetch GET 200 https://registry.npmjs.org/p-cancelable 123ms (cache revalidated)
npm http fetch GET 200 https://registry.npmjs.org/@sindresorhus%2fis 140ms (cache revalidated)
npm http fetch GET 200 https://registry.npmjs.org/@szmarczak%2fhttp-timer 166ms (cache revalidated)
npm http fetch GET 200 https://registry.npmjs.org/cacheable-request 184ms (cache revalidated)
npm http fetch GET 200 https://registry.npmjs.org/defer-to-connect 76ms (cache revalidated)
npm http fetch GET 200 https://registry.npmjs.org/keyv 81ms (cache revalidated)
npm http fetch GET 200 https://registry.npmjs.org/normalize-url 82ms (cache revalidated)
npm http fetch GET 200 https://registry.npmjs.org/clone-response 104ms (cache revalidated)
npm http fetch GET 200 https://registry.npmjs.org/responselike 104ms (cache revalidated)
npm http fetch GET 200 https://registry.npmjs.org/http-cache-semantics 108ms (cache revalidated)
npm http fetch GET 200 https://registry.npmjs.org/prepend-http 167ms (cache revalidated)
npm http fetch GET 200 https://registry.npmjs.org/json-buffer 58ms (cache revalidated)
npm http fetch GET 200 https://registry.npmjs.org/deep-extend 64ms (cache revalidated)
npm http fetch GET 200 https://registry.npmjs.org/pend 135ms (cache revalidated)
npm http fetch GET 200 https://registry.npmjs.org/crc32-stream 509ms (cache revalidated)
npm http fetch GET 200 https://registry.npmjs.org/crc-32 149ms (cache revalidated)
npm http fetch GET 200 https://registry.npmjs.org/buffer-alloc-unsafe 70ms (cache revalidated)
npm http fetch GET 200 https://registry.npmjs.org/buffer-fill 97ms (cache revalidated)
npm http fetch GET 200 https://registry.npmjs.org/p-try 102ms (cache revalidated)
npm verb reify failed optional dependency D:\autCypress\tmpBstackPackages\node_modules\fsevents
npm http fetch POST 200 https://registry.npmjs.org/-/npm/v1/security/advisories/bulk 1299ms
npm WARN deprecated har-validator@5.1.5: this library is no longer supported
npm WARN deprecated uuid@3.4.0: Please upgrade  to version 7 or higher.  Older versions may use Math.random() in certain circumstances, which is known to be problematic.  See https://v8.dev/blog/math-random for details.
npm WARN deprecated request@2.88.2: request has been deprecated, see https://github.com/request/request/issues/3142
npm info run cypress@12.17.3 postinstall node_modules/cypress node index.js --exec install
npm info run cypress@12.17.3 postinstall { code: 0, signal: null }

added 445 packages, and audited 446 packages in 23s

63 packages are looking for funding
  run `npm fund` for details

9 moderate severity vulnerabilities

To address all issues (including breaking changes), run:
  npm audit fix --force

Run `npm audit` for details.
npm verb exit 0
npm info ok 
